2024-05-18T17:24:05.232+05:30  INFO 30656 --- [Spring-Boot-ELK] [main] c.e.S.SpringBootElkApplication           : Starting SpringBootElkApplication using Java 20.0.1 with PID 30656 (C:\Users\vishal.ratnaparkhi\IdeaProjects\Spring-Boot-ELK\target\classes started by vishal.ratnaparkhi in C:\Users\vishal.ratnaparkhi\IdeaProjects\Spring-Boot-ELK)
2024-05-18T17:24:05.237+05:30  INFO 30656 --- [Spring-Boot-ELK] [main] c.e.S.SpringBootElkApplication           : No active profile set, falling back to 1 default profile: "default"
2024-05-18T17:24:11.260+05:30  INFO 30656 --- [Spring-Boot-ELK] [main] o.s.b.w.embedded.tomcat.TomcatWebServer  : Tomcat initialized with port 9890 (http)
2024-05-18T17:24:11.310+05:30  INFO 30656 --- [Spring-Boot-ELK] [main] o.apache.catalina.core.StandardService   : Starting service [Tomcat]
2024-05-18T17:24:11.311+05:30  INFO 30656 --- [Spring-Boot-ELK] [main] o.apache.catalina.core.StandardEngine    : Starting Servlet engine: [Apache Tomcat/10.1.20]
2024-05-18T17:24:11.531+05:30  INFO 30656 --- [Spring-Boot-ELK] [main] o.a.c.c.C.[Tomcat].[localhost].[/]       : Initializing Spring embedded WebApplicationContext
2024-05-18T17:24:11.532+05:30  INFO 30656 --- [Spring-Boot-ELK] [main] w.s.c.ServletWebServerApplicationContext : Root WebApplicationContext: initialization completed in 6145 ms
2024-05-18T17:24:12.715+05:30  INFO 30656 --- [Spring-Boot-ELK] [main] o.s.b.w.embedded.tomcat.TomcatWebServer  : Tomcat started on port 9890 (http) with context path ''
2024-05-18T17:24:12.747+05:30  INFO 30656 --- [Spring-Boot-ELK] [main] c.e.S.SpringBootElkApplication           : Started SpringBootElkApplication in 11.557 seconds (process running for 20.074)
2024-05-18T17:25:39.634+05:30  INFO 30656 --- [Spring-Boot-ELK] [http-nio-9890-exec-2] o.a.c.c.C.[Tomcat].[localhost].[/]       : Initializing Spring DispatcherServlet 'dispatcherServlet'
2024-05-18T17:25:39.742+05:30  INFO 30656 --- [Spring-Boot-ELK] [http-nio-9890-exec-2] o.s.web.servlet.DispatcherServlet        : Initializing Servlet 'dispatcherServlet'
2024-05-18T17:25:40.304+05:30  INFO 30656 --- [Spring-Boot-ELK] [http-nio-9890-exec-2] o.s.web.servlet.DispatcherServlet        : Completed initialization in 554 ms
2024-05-18T17:25:41.278+05:30  INFO 30656 --- [Spring-Boot-ELK] [http-nio-9890-exec-2] c.e.S.entity.controller.UserController   : User id : 1
2024-05-18T17:25:41.285+05:30  INFO 30656 --- [Spring-Boot-ELK] [http-nio-9890-exec-2] c.e.S.entity.controller.UserController   : User found : {} User(id=1, name=Vishal)
2024-05-18T17:25:50.562+05:30  INFO 30656 --- [Spring-Boot-ELK] [http-nio-9890-exec-6] c.e.S.entity.controller.UserController   : User id : 2
2024-05-18T17:25:50.573+05:30  INFO 30656 --- [Spring-Boot-ELK] [http-nio-9890-exec-6] c.e.S.entity.controller.UserController   : User found : {} User(id=2, name=Vaibhav)
2024-05-18T17:25:57.601+05:30  INFO 30656 --- [Spring-Boot-ELK] [http-nio-9890-exec-7] c.e.S.entity.controller.UserController   : User id : 3
2024-05-18T17:25:57.601+05:30  INFO 30656 --- [Spring-Boot-ELK] [http-nio-9890-exec-7] c.e.S.entity.controller.UserController   : User found : {} User(id=3, name=Aditya)
2024-05-18T17:25:59.592+05:30  INFO 30656 --- [Spring-Boot-ELK] [http-nio-9890-exec-10] c.e.S.entity.controller.UserController   : User id : 4
2024-05-18T17:25:59.593+05:30  INFO 30656 --- [Spring-Boot-ELK] [http-nio-9890-exec-10] c.e.S.entity.controller.UserController   : User found : {} User(id=4, name=Sachin)
2024-05-18T17:26:04.724+05:30  INFO 30656 --- [Spring-Boot-ELK] [http-nio-9890-exec-1] c.e.S.entity.controller.UserController   : User id : 5
2024-05-18T17:26:04.733+05:30 ERROR 30656 --- [Spring-Boot-ELK] [http-nio-9890-exec-1] c.e.S.entity.controller.UserController   : User not found with ID 5
2024-05-18T17:26:08.582+05:30  INFO 30656 --- [Spring-Boot-ELK] [http-nio-9890-exec-4] c.e.S.entity.controller.UserController   : User id : 2
2024-05-18T17:26:08.583+05:30  INFO 30656 --- [Spring-Boot-ELK] [http-nio-9890-exec-4] c.e.S.entity.controller.UserController   : User found : {} User(id=2, name=Vaibhav)
2024-05-18T17:26:13.864+05:30  INFO 30656 --- [Spring-Boot-ELK] [http-nio-9890-exec-5] c.e.S.entity.controller.UserController   : User id : 2
2024-05-18T17:26:13.877+05:30  INFO 30656 --- [Spring-Boot-ELK] [http-nio-9890-exec-5] c.e.S.entity.controller.UserController   : User found : {} User(id=2, name=Vaibhav)
2024-05-18T17:29:44.915+05:30  INFO 30656 --- [Spring-Boot-ELK] [http-nio-9890-exec-3] c.e.S.entity.controller.UserController   : User id : 89
2024-05-18T17:29:44.990+05:30 ERROR 30656 --- [Spring-Boot-ELK] [http-nio-9890-exec-3] c.e.S.entity.controller.UserController   : User not found with ID 89
2024-05-18T17:30:00.424+05:30  INFO 30656 --- [Spring-Boot-ELK] [http-nio-9890-exec-2] c.e.S.entity.controller.UserController   : User id : 8
2024-05-18T17:30:00.425+05:30 ERROR 30656 --- [Spring-Boot-ELK] [http-nio-9890-exec-2] c.e.S.entity.controller.UserController   : User not found with ID 8
2024-05-18T17:32:04.327+05:30  INFO 30656 --- [Spring-Boot-ELK] [http-nio-9890-exec-10] c.e.S.entity.controller.UserController   : User id : 8
2024-05-18T17:32:04.330+05:30 ERROR 30656 --- [Spring-Boot-ELK] [http-nio-9890-exec-10] c.e.S.entity.controller.UserController   : User not found with ID 8
2024-05-18T17:32:07.814+05:30  INFO 30656 --- [Spring-Boot-ELK] [http-nio-9890-exec-1] c.e.S.entity.controller.UserController   : User id : 2
2024-05-18T17:32:07.826+05:30  INFO 30656 --- [Spring-Boot-ELK] [http-nio-9890-exec-1] c.e.S.entity.controller.UserController   : User found : {} User(id=2, name=Vaibhav)
2024-05-18T17:32:11.909+05:30  INFO 30656 --- [Spring-Boot-ELK] [http-nio-9890-exec-4] c.e.S.entity.controller.UserController   : User id : 1
2024-05-18T17:32:11.911+05:30  INFO 30656 --- [Spring-Boot-ELK] [http-nio-9890-exec-4] c.e.S.entity.controller.UserController   : User found : {} User(id=1, name=Vishal)
2024-05-18T17:36:27.957+05:30  INFO 30656 --- [Spring-Boot-ELK] [http-nio-9890-exec-9] c.e.S.entity.controller.UserController   : User id : 1
2024-05-18T17:36:28.068+05:30  INFO 30656 --- [Spring-Boot-ELK] [http-nio-9890-exec-9] c.e.S.entity.controller.UserController   : User found : {} User(id=1, name=Vishal)
2024-05-18T17:36:52.134+05:30  INFO 30656 --- [Spring-Boot-ELK] [http-nio-9890-exec-3] c.e.S.entity.controller.UserController   : User id : 10
2024-05-18T17:36:52.154+05:30 ERROR 30656 --- [Spring-Boot-ELK] [http-nio-9890-exec-3] c.e.S.entity.controller.UserController   : User not found with ID 10
2024-05-18T17:36:56.883+05:30  INFO 30656 --- [Spring-Boot-ELK] [http-nio-9890-exec-2] c.e.S.entity.controller.UserController   : User id : 10
2024-05-18T17:36:56.884+05:30 ERROR 30656 --- [Spring-Boot-ELK] [http-nio-9890-exec-2] c.e.S.entity.controller.UserController   : User not found with ID 10
2024-05-18T17:37:02.344+05:30  INFO 30656 --- [Spring-Boot-ELK] [http-nio-9890-exec-6] c.e.S.entity.controller.UserController   : User id : 3
2024-05-18T17:37:02.345+05:30  INFO 30656 --- [Spring-Boot-ELK] [http-nio-9890-exec-6] c.e.S.entity.controller.UserController   : User found : {} User(id=3, name=Aditya)
2024-05-18T17:37:11.758+05:30  INFO 30656 --- [Spring-Boot-ELK] [http-nio-9890-exec-7] c.e.S.entity.controller.UserController   : User id : 4
2024-05-18T17:37:11.758+05:30  INFO 30656 --- [Spring-Boot-ELK] [http-nio-9890-exec-7] c.e.S.entity.controller.UserController   : User found : {} User(id=4, name=Sachin)
2024-05-18T17:45:36.180+05:30  INFO 30656 --- [Spring-Boot-ELK] [http-nio-9890-exec-4] c.e.S.entity.controller.UserController   : User id : 4
2024-05-18T17:45:36.214+05:30  INFO 30656 --- [Spring-Boot-ELK] [http-nio-9890-exec-4] c.e.S.entity.controller.UserController   : User found : {} User(id=4, name=Sachin)
2024-05-18T17:47:25.434+05:30  INFO 30656 --- [Spring-Boot-ELK] [http-nio-9890-exec-8] c.e.S.entity.controller.UserController   : User id : 1
2024-05-18T17:47:25.535+05:30  INFO 30656 --- [Spring-Boot-ELK] [http-nio-9890-exec-8] c.e.S.entity.controller.UserController   : User found : {} User(id=1, name=Vishal)
